time=2022-02-16T14:12:18+08:00 level=error msg=erroCode: 201006 Msg: The version() of the configuration file specified was not be supported by this release.
time=2022-02-16T14:12:18+08:00 level=warning msg=erroCode: 201026 Msg: We have found log timestampformat from configuration file,but the value of log timestampformat is not a valid(format is empty,default format will be set).default value of log timestampformat: 2006-01-02 15:04:05 will be used.
time=2022-02-16T14:12:18+08:00 level=debug msg=Running in "debug" mode. Switch to "release" mode in production.
 - using env:	export SYSADMSERVER_MODE=release
 - using code:	sysadmServer.SetMode(sysadmServer.ReleaseMode)


time=2022-02-16T14:12:18+08:00 level=debug msg=GET    /ping                     --> github.com/wangyysde/sysadm/registryctl/server.DaemonStart.func1 (3 handlers)

time=2022-02-16T14:12:18+08:00 level=debug msg=Listening and serving HTTP on unix://var/run/registryctl.sock

time=2022-02-16T14:12:18+08:00 level=debug msg=Listening and serving HTTP on 0.0.0.0:5001

time=2022-02-16T14:14:51+08:00 level=error msg=erroCode: 201006 Msg: The version() of the configuration file specified was not be supported by this release.
time=2022-02-16T14:14:51+08:00 level=warning msg=erroCode: 201026 Msg: We have found log timestampformat from configuration file,but the value of log timestampformat is not a valid(format is empty,default format will be set).default value of log timestampformat: 2006-01-02 15:04:05 will be used.
time=2022-02-16T14:14:51+08:00 level=debug msg=Running in "debug" mode. Switch to "release" mode in production.
 - using env:	export SYSADMSERVER_MODE=release
 - using code:	sysadmServer.SetMode(sysadmServer.ReleaseMode)


time=2022-02-16T14:14:51+08:00 level=debug msg=GET    /ping                     --> github.com/wangyysde/sysadm/registryctl/server.DaemonStart.func1 (3 handlers)

time=2022-02-16T14:14:51+08:00 level=debug msg=Listening and serving HTTP on 0.0.0.0:5001

time=2022-02-16T14:14:51+08:00 level=debug msg=Listening and serving HTTP on unix://var/run/registryctl.sock

time=2022-02-16T15:45:01+08:00 level=debug msg=erroCode: 201035 Msg: try to handling configurations.....
time=2022-02-16T15:45:01+08:00 level=debug msg=erroCode: 201036 Msg: got configuration file path is: /data/code/golang/src/bzhyProjects/sysadm/_output/conf/registryctl.yaml
time=2022-02-16T15:45:01+08:00 level=error msg=erroCode: 201006 Msg: The version() of the configuration file specified was not be supported by this release.
time=2022-02-16T15:45:01+08:00 level=debug msg=erroCode: 201037 Msg: read the content of the configuration file
time=2022-02-16T15:45:01+08:00 level=debug msg=erroCode: 201038 Msg: got the address of server: 0.0.0.0
time=2022-02-16T15:45:01+08:00 level=debug msg=erroCode: 201039 Msg: got the port of server: 5001
time=2022-02-16T15:45:01+08:00 level=debug msg=erroCode: 201040 Msg: socket file's path is : /var/run/registryctl.sock
time=2022-02-16T15:45:01+08:00 level=debug msg=erroCode: 201041 Msg: access log file's path is : /data/code/golang/src/bzhyProjects/sysadm/_output/logs/registryctl-access.log
time=2022-02-16T15:45:01+08:00 level=debug msg=erroCode: 201042 Msg: error log file's path is : /data/code/golang/src/bzhyProjects/sysadm/_output/logs/registryctl-error.log
time=2022-02-16T15:45:01+08:00 level=debug msg=erroCode: 201043 Msg: the kind of log is  : text
time=2022-02-16T15:45:01+08:00 level=debug msg=erroCode: 201044 Msg: log level has be set to: debug
time=2022-02-16T15:45:01+08:00 level=warning msg=erroCode: 201026 Msg: We have found log timestampformat from configuration file,but the value of log timestampformat is not a valid(format is empty,default format will be set).default value of log timestampformat: 2006-01-02 15:04:05 will be used.
time=2022-02-16T15:45:01+08:00 level=debug msg=erroCode: 201045 Msg: timeformat has be set to: 2006-01-02 15:04:05
time=2022-02-16T15:45:01+08:00 level=debug msg=erroCode: 201046 Msg: is split error and access log to difference log file: true
time=2022-02-16T15:45:01+08:00 level=debug msg=erroCode: 201047 Msg: registryctl user is : registryctl_user
time=2022-02-16T15:45:01+08:00 level=debug msg=erroCode: 201048 Msg: registryctl password is : registryctl_password
time=2022-02-16T15:45:01+08:00 level=debug msg=erroCode: 201049 Msg: db host : 10.6.206.6
time=2022-02-16T15:45:01+08:00 level=debug msg=erroCode: 201050 Msg: db port : 30432
time=2022-02-16T15:45:01+08:00 level=debug msg=erroCode: 201051 Msg: db user: sysadm
time=2022-02-16T15:45:01+08:00 level=debug msg=erroCode: 201052 Msg: db password: Zaq12wsX
time=2022-02-16T15:45:01+08:00 level=debug msg=erroCode: 201053 Msg: db name: sysadm
time=2022-02-16T15:45:01+08:00 level=debug msg=erroCode: 201054 Msg: ssl mode for db: disable
time=2022-02-16T15:45:01+08:00 level=debug msg=erroCode: 201058 Msg: maxconnection to db is: 100
time=2022-02-16T15:45:01+08:00 level=debug msg=erroCode: 201059 Msg: idle connection to db is: 20
time=2022-02-16T15:45:01+08:00 level=debug msg=erroCode: 201060 Msg: registry host is: 10.6.206.6
time=2022-02-16T15:45:01+08:00 level=debug msg=erroCode: 201061 Msg: registry server port is: 5000
time=2022-02-16T15:45:01+08:00 level=debug msg=erroCode: 201062 Msg: ssl mode for registry server: disable
time=2022-02-16T15:45:01+08:00 level=debug msg=erroCode: 201066 Msg: registry server user sysadm_registry_user
time=2022-02-16T15:45:01+08:00 level=debug msg=erroCode: 201066 Msg: registry server password sysadm_registry_password
time=2022-02-16T15:45:01+08:00 level=debug msg=erroCode: 202003 Msg: configurations have been handled.but the configuration is not valid
time=2022-02-16T15:45:01+08:00 level=debug msg=erroCode: 202005 Msg: try to setting logger...
time=2022-02-16T15:45:01+08:00 level=debug msg=erroCode: 202006 Msg: loggers have been set
time=2022-02-16T15:45:01+08:00 level=debug msg=erroCode: 202007 Msg: fatal(or higher level) error(s) occurred. we will exit.
time=2022-02-16T15:50:14+08:00 level=debug msg=erroCode: 201035 Msg: try to handling configurations.....
time=2022-02-16T15:50:14+08:00 level=debug msg=erroCode: 201036 Msg: got configuration file path is: /data/code/golang/src/bzhyProjects/sysadm/_output/conf/registryctl.yaml
time=2022-02-16T15:50:14+08:00 level=error msg=erroCode: 201006 Msg: The version() of the configuration file specified was not be supported by this release.
time=2022-02-16T15:50:14+08:00 level=debug msg=erroCode: 201037 Msg: read the content of the configuration file
time=2022-02-16T15:50:14+08:00 level=debug msg=erroCode: 201038 Msg: got the address of server: 0.0.0.0
time=2022-02-16T15:50:14+08:00 level=debug msg=erroCode: 201039 Msg: got the port of server: 5001
time=2022-02-16T15:50:14+08:00 level=debug msg=erroCode: 201040 Msg: socket file's path is : /var/run/registryctl.sock
time=2022-02-16T15:50:14+08:00 level=debug msg=erroCode: 201041 Msg: access log file's path is : /data/code/golang/src/bzhyProjects/sysadm/_output/logs/registryctl-access.log
time=2022-02-16T15:50:14+08:00 level=debug msg=erroCode: 201042 Msg: error log file's path is : /data/code/golang/src/bzhyProjects/sysadm/_output/logs/registryctl-error.log
time=2022-02-16T15:50:14+08:00 level=debug msg=erroCode: 201043 Msg: the kind of log is  : text
time=2022-02-16T15:50:14+08:00 level=debug msg=erroCode: 201044 Msg: log level has be set to: debug
time=2022-02-16T15:50:14+08:00 level=warning msg=erroCode: 201026 Msg: We have found log timestampformat from configuration file,but the value of log timestampformat is not a valid(format is empty,default format will be set).default value of log timestampformat: 2006-01-02 15:04:05 will be used.
time=2022-02-16T15:50:14+08:00 level=debug msg=erroCode: 201045 Msg: timeformat has be set to: 2006-01-02 15:04:05
time=2022-02-16T15:50:14+08:00 level=debug msg=erroCode: 201046 Msg: is split error and access log to difference log file: true
time=2022-02-16T15:50:14+08:00 level=debug msg=erroCode: 201047 Msg: registryctl user is : registryctl_user
time=2022-02-16T15:50:14+08:00 level=debug msg=erroCode: 201048 Msg: registryctl password is : registryctl_password
time=2022-02-16T15:50:14+08:00 level=debug msg=erroCode: 201049 Msg: db host : 10.6.206.6
time=2022-02-16T15:50:14+08:00 level=debug msg=erroCode: 201050 Msg: db port : 30432
time=2022-02-16T15:50:14+08:00 level=debug msg=erroCode: 201051 Msg: db user: sysadm
time=2022-02-16T15:50:14+08:00 level=debug msg=erroCode: 201052 Msg: db password: Zaq12wsX
time=2022-02-16T15:50:14+08:00 level=debug msg=erroCode: 201053 Msg: db name: sysadm
time=2022-02-16T15:50:14+08:00 level=debug msg=erroCode: 201054 Msg: ssl mode for db: disable
time=2022-02-16T15:50:14+08:00 level=debug msg=erroCode: 201058 Msg: maxconnection to db is: 100
time=2022-02-16T15:50:14+08:00 level=debug msg=erroCode: 201059 Msg: idle connection to db is: 20
time=2022-02-16T15:50:14+08:00 level=debug msg=erroCode: 201060 Msg: registry host is: 10.6.206.6
time=2022-02-16T15:50:14+08:00 level=debug msg=erroCode: 201061 Msg: registry server port is: 5000
time=2022-02-16T15:50:14+08:00 level=debug msg=erroCode: 201062 Msg: ssl mode for registry server: disable
time=2022-02-16T15:50:14+08:00 level=debug msg=erroCode: 201066 Msg: registry server user sysadm_registry_user
time=2022-02-16T15:50:14+08:00 level=debug msg=erroCode: 201066 Msg: registry server password sysadm_registry_password
time=2022-02-16T15:50:14+08:00 level=debug msg=erroCode: 202003 Msg: configurations have been handled.but the configuration is not valid
time=2022-02-16T15:50:14+08:00 level=debug msg=erroCode: 202005 Msg: try to setting logger...
time=2022-02-16T15:50:14+08:00 level=debug msg=erroCode: 202006 Msg: loggers have been set
time=2022-02-16T15:50:14+08:00 level=debug msg=erroCode: 202007 Msg: fatal(or higher level) error(s) occurred. we will exit.
time=2022-02-16T15:52:21+08:00 level=debug msg=erroCode: 201035 Msg: try to handling configurations.....
time=2022-02-16T15:52:21+08:00 level=debug msg=erroCode: 201036 Msg: got configuration file path is: /data/code/golang/src/bzhyProjects/sysadm/_output/conf/registryctl.yaml
time=2022-02-16T15:52:21+08:00 level=error msg=erroCode: 201006 Msg: The version() of the configuration file specified was not be supported by this release.
time=2022-02-16T15:52:21+08:00 level=debug msg=erroCode: 201037 Msg: read the content of the configuration file
time=2022-02-16T15:52:21+08:00 level=debug msg=erroCode: 201038 Msg: got the address of server: 0.0.0.0
time=2022-02-16T15:52:21+08:00 level=debug msg=erroCode: 201039 Msg: got the port of server: 5001
time=2022-02-16T15:52:21+08:00 level=debug msg=erroCode: 201040 Msg: socket file's path is : /var/run/registryctl.sock
time=2022-02-16T15:52:21+08:00 level=debug msg=erroCode: 201041 Msg: access log file's path is : /data/code/golang/src/bzhyProjects/sysadm/_output/logs/registryctl-access.log
time=2022-02-16T15:52:21+08:00 level=debug msg=erroCode: 201042 Msg: error log file's path is : /data/code/golang/src/bzhyProjects/sysadm/_output/logs/registryctl-error.log
time=2022-02-16T15:52:21+08:00 level=debug msg=erroCode: 201043 Msg: the kind of log is  : text
time=2022-02-16T15:52:21+08:00 level=debug msg=erroCode: 201044 Msg: log level has be set to: debug
time=2022-02-16T15:52:21+08:00 level=warning msg=erroCode: 201026 Msg: We have found log timestampformat from configuration file,but the value of log timestampformat is not a valid(format is empty,default format will be set).default value of log timestampformat: 2006-01-02 15:04:05 will be used.
time=2022-02-16T15:52:21+08:00 level=debug msg=erroCode: 201045 Msg: timeformat has be set to: 2006-01-02 15:04:05
time=2022-02-16T15:52:21+08:00 level=debug msg=erroCode: 201046 Msg: is split error and access log to difference log file: true
time=2022-02-16T15:52:21+08:00 level=debug msg=erroCode: 201047 Msg: registryctl user is : registryctl_user
time=2022-02-16T15:52:21+08:00 level=debug msg=erroCode: 201048 Msg: registryctl password is : registryctl_password
time=2022-02-16T15:52:21+08:00 level=debug msg=erroCode: 201049 Msg: db host : 10.6.206.6
time=2022-02-16T15:52:21+08:00 level=debug msg=erroCode: 201050 Msg: db port : 30432
time=2022-02-16T15:52:21+08:00 level=debug msg=erroCode: 201051 Msg: db user: sysadm
time=2022-02-16T15:52:21+08:00 level=debug msg=erroCode: 201052 Msg: db password: Zaq12wsX
time=2022-02-16T15:52:21+08:00 level=debug msg=erroCode: 201053 Msg: db name: sysadm
time=2022-02-16T15:52:21+08:00 level=debug msg=erroCode: 201054 Msg: ssl mode for db: disable
time=2022-02-16T15:52:21+08:00 level=debug msg=erroCode: 201058 Msg: maxconnection to db is: 100
time=2022-02-16T15:52:21+08:00 level=debug msg=erroCode: 201059 Msg: idle connection to db is: 20
time=2022-02-16T15:52:21+08:00 level=debug msg=erroCode: 201060 Msg: registry host is: 10.6.206.6
time=2022-02-16T15:52:21+08:00 level=debug msg=erroCode: 201061 Msg: registry server port is: 5000
time=2022-02-16T15:52:21+08:00 level=debug msg=erroCode: 201062 Msg: ssl mode for registry server: disable
time=2022-02-16T15:52:21+08:00 level=debug msg=erroCode: 201066 Msg: registry server user sysadm_registry_user
time=2022-02-16T15:52:21+08:00 level=debug msg=erroCode: 201066 Msg: registry server password sysadm_registry_password
time=2022-02-16T15:52:21+08:00 level=debug msg=erroCode: 202003 Msg: configurations have been handled.but the configuration is not valid
time=2022-02-16T15:52:21+08:00 level=debug msg=erroCode: 202005 Msg: try to setting logger...
time=2022-02-16T15:52:21+08:00 level=debug msg=erroCode: 202006 Msg: loggers have been set
time=2022-02-16T15:52:21+08:00 level=debug msg=erroCode: 202007 Msg: fatal(or higher level) error(s) occurred. we will exit.
time=2022-02-16T15:57:29+08:00 level=debug msg=erroCode: 201035 Msg: try to handling configurations.....
time=2022-02-16T15:57:29+08:00 level=debug msg=erroCode: 201036 Msg: got configuration file path is: /data/code/golang/src/bzhyProjects/sysadm/_output/conf/registryctl.yaml
time=2022-02-16T15:57:29+08:00 level=error msg=erroCode: 201006 Msg: The version() of the configuration file specified was not be supported by this release.
time=2022-02-16T15:57:29+08:00 level=debug msg=erroCode: 201037 Msg: read the content of the configuration file
time=2022-02-16T15:57:29+08:00 level=debug msg=erroCode: 201038 Msg: got the address of server: 0.0.0.0
time=2022-02-16T15:57:29+08:00 level=debug msg=erroCode: 201039 Msg: got the port of server: 5001
time=2022-02-16T15:57:29+08:00 level=debug msg=erroCode: 201040 Msg: socket file's path is : /var/run/registryctl.sock
time=2022-02-16T15:57:29+08:00 level=debug msg=erroCode: 201041 Msg: access log file's path is : /data/code/golang/src/bzhyProjects/sysadm/_output/logs/registryctl-access.log
time=2022-02-16T15:57:29+08:00 level=debug msg=erroCode: 201042 Msg: error log file's path is : /data/code/golang/src/bzhyProjects/sysadm/_output/logs/registryctl-error.log
time=2022-02-16T15:57:29+08:00 level=debug msg=erroCode: 201043 Msg: the kind of log is  : text
time=2022-02-16T15:57:29+08:00 level=debug msg=erroCode: 201044 Msg: log level has be set to: debug
time=2022-02-16T15:57:29+08:00 level=warning msg=erroCode: 201026 Msg: We have found log timestampformat from configuration file,but the value of log timestampformat is not a valid(format is empty,default format will be set).default value of log timestampformat: 2006-01-02 15:04:05 will be used.
time=2022-02-16T15:57:29+08:00 level=debug msg=erroCode: 201045 Msg: timeformat has be set to: 2006-01-02 15:04:05
time=2022-02-16T15:57:29+08:00 level=debug msg=erroCode: 201046 Msg: is split error and access log to difference log file: true
time=2022-02-16T15:57:29+08:00 level=debug msg=erroCode: 201047 Msg: registryctl user is : registryctl_user
time=2022-02-16T15:57:29+08:00 level=debug msg=erroCode: 201048 Msg: registryctl password is : registryctl_password
time=2022-02-16T15:57:29+08:00 level=debug msg=erroCode: 201049 Msg: db host : 10.6.206.6
time=2022-02-16T15:57:29+08:00 level=debug msg=erroCode: 201050 Msg: db port : 30432
time=2022-02-16T15:57:29+08:00 level=debug msg=erroCode: 201051 Msg: db user: sysadm
time=2022-02-16T15:57:29+08:00 level=debug msg=erroCode: 201052 Msg: db password: Zaq12wsX
time=2022-02-16T15:57:29+08:00 level=debug msg=erroCode: 201053 Msg: db name: sysadm
time=2022-02-16T15:57:29+08:00 level=debug msg=erroCode: 201054 Msg: ssl mode for db: disable
time=2022-02-16T15:57:29+08:00 level=debug msg=erroCode: 201058 Msg: maxconnection to db is: 100
time=2022-02-16T15:57:29+08:00 level=debug msg=erroCode: 201059 Msg: idle connection to db is: 20
time=2022-02-16T15:57:29+08:00 level=debug msg=erroCode: 201060 Msg: registry host is: 10.6.206.6
time=2022-02-16T15:57:29+08:00 level=debug msg=erroCode: 201061 Msg: registry server port is: 5000
time=2022-02-16T15:57:29+08:00 level=debug msg=erroCode: 201062 Msg: ssl mode for registry server: disable
time=2022-02-16T15:57:29+08:00 level=debug msg=erroCode: 201066 Msg: registry server user sysadm_registry_user
time=2022-02-16T15:57:29+08:00 level=debug msg=erroCode: 201066 Msg: registry server password sysadm_registry_password
time=2022-02-16T15:57:29+08:00 level=debug msg=erroCode: 202004 Msg: configurations have been handled and it is ok
time=2022-02-16T15:57:29+08:00 level=debug msg=erroCode: 202005 Msg: try to setting logger...
time=2022-02-16T15:57:29+08:00 level=debug msg=erroCode: 202006 Msg: loggers have been set
time=2022-02-16T15:57:29+08:00 level=debug msg=Running in "debug" mode. Switch to "release" mode in production.
 - using env:	export SYSADMSERVER_MODE=release
 - using code:	sysadmServer.SetMode(sysadmServer.ReleaseMode)


time=2022-02-16T15:57:29+08:00 level=debug msg=GET    /ping                     --> github.com/wangyysde/sysadm/registryctl/server.DaemonStart.func1 (3 handlers)

time=2022-02-16T15:57:29+08:00 level=debug msg=Listening and serving HTTP on 0.0.0.0:5001

time=2022-02-16T15:57:29+08:00 level=debug msg=Listening and serving HTTP on unix://var/run/registryctl.sock

time=2022-02-21T10:56:21+08:00 level=debug msg=erroCode: 201035 Msg: try to handling configurations.....
time=2022-02-21T10:56:21+08:00 level=debug msg=erroCode: 201036 Msg: got configuration file path is: /data/code/golang/src/bzhyProjects/sysadm/_output/conf/registryctl.yaml
time=2022-02-21T10:56:21+08:00 level=error msg=erroCode: 201006 Msg: The version() of the configuration file specified was not be supported by this release.
time=2022-02-21T10:56:21+08:00 level=debug msg=erroCode: 201037 Msg: read the content of the configuration file
time=2022-02-21T10:56:21+08:00 level=debug msg=erroCode: 201038 Msg: got the address of server: 0.0.0.0
time=2022-02-21T10:56:21+08:00 level=debug msg=erroCode: 201039 Msg: got the port of server: 5001
time=2022-02-21T10:56:21+08:00 level=debug msg=erroCode: 201040 Msg: socket file's path is : /var/run/registryctl.sock
time=2022-02-21T10:56:21+08:00 level=debug msg=erroCode: 201041 Msg: access log file's path is : /data/code/golang/src/bzhyProjects/sysadm/_output/logs/registryctl-access.log
time=2022-02-21T10:56:21+08:00 level=debug msg=erroCode: 201042 Msg: error log file's path is : /data/code/golang/src/bzhyProjects/sysadm/_output/logs/registryctl-error.log
time=2022-02-21T10:56:21+08:00 level=debug msg=erroCode: 201043 Msg: the kind of log is  : text
time=2022-02-21T10:56:21+08:00 level=debug msg=erroCode: 201044 Msg: log level has be set to: debug
time=2022-02-21T10:56:21+08:00 level=warning msg=erroCode: 201026 Msg: We have found log timestampformat from configuration file,but the value of log timestampformat is not a valid(format is empty,default format will be set).default value of log timestampformat: 2006-01-02 15:04:05 will be used.
time=2022-02-21T10:56:21+08:00 level=debug msg=erroCode: 201045 Msg: timeformat has be set to: 2006-01-02 15:04:05
time=2022-02-21T10:56:21+08:00 level=debug msg=erroCode: 201046 Msg: is split error and access log to difference log file: true
time=2022-02-21T10:56:21+08:00 level=debug msg=erroCode: 201047 Msg: registryctl user is : registryctl_user
time=2022-02-21T10:56:21+08:00 level=debug msg=erroCode: 201048 Msg: registryctl password is : registryctl_password
time=2022-02-21T10:56:21+08:00 level=debug msg=erroCode: 201069 Msg: db type is: postgre
time=2022-02-21T10:56:21+08:00 level=debug msg=erroCode: 201049 Msg: db host : 10.6.206.6
time=2022-02-21T10:56:21+08:00 level=debug msg=erroCode: 201050 Msg: db port : 30432
time=2022-02-21T10:56:21+08:00 level=debug msg=erroCode: 201051 Msg: db user: sysadm
time=2022-02-21T10:56:21+08:00 level=debug msg=erroCode: 201052 Msg: db password: Zaq12wsX
time=2022-02-21T10:56:21+08:00 level=debug msg=erroCode: 201053 Msg: db name: sysadm
time=2022-02-21T10:56:21+08:00 level=debug msg=erroCode: 201054 Msg: ssl mode for db: disable
time=2022-02-21T10:56:21+08:00 level=debug msg=erroCode: 201058 Msg: maxconnection to db is: 100
time=2022-02-21T10:56:21+08:00 level=debug msg=erroCode: 201059 Msg: idle connection to db is: 20
time=2022-02-21T10:56:21+08:00 level=debug msg=erroCode: 201060 Msg: registry host is: 10.6.206.6
time=2022-02-21T10:56:21+08:00 level=debug msg=erroCode: 201061 Msg: registry server port is: 5000
time=2022-02-21T10:56:21+08:00 level=debug msg=erroCode: 201062 Msg: ssl mode for registry server: disable
time=2022-02-21T10:56:21+08:00 level=debug msg=erroCode: 201066 Msg: registry server user sysadm_registry_user
time=2022-02-21T10:56:21+08:00 level=debug msg=erroCode: 201066 Msg: registry server password sysadm_registry_password
time=2022-02-21T10:56:21+08:00 level=debug msg=erroCode: 202004 Msg: configurations have been handled and it is ok
time=2022-02-21T10:56:21+08:00 level=debug msg=erroCode: 202005 Msg: try to setting logger...
time=2022-02-21T10:56:21+08:00 level=debug msg=erroCode: 202006 Msg: loggers have been set
time=2022-02-21T10:56:21+08:00 level=debug msg=erroCode: 202008 Msg: try to initating DB entity...
time=2022-02-21T10:56:21+08:00 level=debug msg=Running in "debug" mode. Switch to "release" mode in production.
 - using env:	export SYSADMSERVER_MODE=release
 - using code:	sysadmServer.SetMode(sysadmServer.ReleaseMode)


time=2022-02-21T10:56:21+08:00 level=debug msg=GET    /ping                     --> github.com/wangyysde/sysadm/registryctl/server.DaemonStart.func1 (3 handlers)

time=2022-02-21T10:56:21+08:00 level=debug msg=Listening and serving HTTP on 0.0.0.0:5001

time=2022-02-21T10:56:21+08:00 level=debug msg=Listening and serving HTTP on unix://var/run/registryctl.sock

time=2022-02-21T13:34:47+08:00 level=debug msg=erroCode: 201035 Msg: try to handling configurations.....
time=2022-02-21T13:34:47+08:00 level=debug msg=erroCode: 201036 Msg: got configuration file path is: /data/code/golang/src/bzhyProjects/sysadm/_output/conf/registryctl.yaml
time=2022-02-21T13:34:47+08:00 level=error msg=erroCode: 201006 Msg: The version() of the configuration file specified was not be supported by this release.
time=2022-02-21T13:34:47+08:00 level=debug msg=erroCode: 201037 Msg: read the content of the configuration file
time=2022-02-21T13:34:47+08:00 level=debug msg=erroCode: 201038 Msg: got the address of server: 0.0.0.0
time=2022-02-21T13:34:47+08:00 level=debug msg=erroCode: 201039 Msg: got the port of server: 5001
time=2022-02-21T13:34:47+08:00 level=debug msg=erroCode: 201040 Msg: socket file's path is : /var/run/registryctl.sock
time=2022-02-21T13:34:47+08:00 level=debug msg=erroCode: 201041 Msg: access log file's path is : /data/code/golang/src/bzhyProjects/sysadm/_output/logs/registryctl-access.log
time=2022-02-21T13:34:47+08:00 level=debug msg=erroCode: 201042 Msg: error log file's path is : /data/code/golang/src/bzhyProjects/sysadm/_output/logs/registryctl-error.log
time=2022-02-21T13:34:47+08:00 level=debug msg=erroCode: 201043 Msg: the kind of log is  : text
time=2022-02-21T13:34:47+08:00 level=debug msg=erroCode: 201044 Msg: log level has be set to: debug
time=2022-02-21T13:34:47+08:00 level=warning msg=erroCode: 201026 Msg: We have found log timestampformat from configuration file,but the value of log timestampformat is not a valid(format is empty,default format will be set).default value of log timestampformat: 2006-01-02 15:04:05 will be used.
time=2022-02-21T13:34:47+08:00 level=debug msg=erroCode: 201045 Msg: timeformat has be set to: 2006-01-02 15:04:05
time=2022-02-21T13:34:47+08:00 level=debug msg=erroCode: 201046 Msg: is split error and access log to difference log file: true
time=2022-02-21T13:34:47+08:00 level=debug msg=erroCode: 201047 Msg: registryctl user is : registryctl_user
time=2022-02-21T13:34:47+08:00 level=debug msg=erroCode: 201048 Msg: registryctl password is : registryctl_password
time=2022-02-21T13:34:47+08:00 level=debug msg=erroCode: 201069 Msg: db type is: postgre
time=2022-02-21T13:34:47+08:00 level=debug msg=erroCode: 201049 Msg: db host : 10.6.206.6
time=2022-02-21T13:34:47+08:00 level=debug msg=erroCode: 201050 Msg: db port : 30432
time=2022-02-21T13:34:47+08:00 level=debug msg=erroCode: 201051 Msg: db user: sysadm
time=2022-02-21T13:34:47+08:00 level=debug msg=erroCode: 201052 Msg: db password: Zaq12wsX
time=2022-02-21T13:34:47+08:00 level=debug msg=erroCode: 201053 Msg: db name: sysadm
time=2022-02-21T13:34:47+08:00 level=debug msg=erroCode: 201054 Msg: ssl mode for db: disable
time=2022-02-21T13:34:47+08:00 level=debug msg=erroCode: 201058 Msg: maxconnection to db is: 100
time=2022-02-21T13:34:47+08:00 level=debug msg=erroCode: 201059 Msg: idle connection to db is: 20
time=2022-02-21T13:34:47+08:00 level=debug msg=erroCode: 201060 Msg: registry host is: 10.6.206.6
time=2022-02-21T13:34:47+08:00 level=debug msg=erroCode: 201061 Msg: registry server port is: 5000
time=2022-02-21T13:34:47+08:00 level=debug msg=erroCode: 201062 Msg: ssl mode for registry server: disable
time=2022-02-21T13:34:47+08:00 level=debug msg=erroCode: 201066 Msg: registry server user sysadm_registry_user
time=2022-02-21T13:34:47+08:00 level=debug msg=erroCode: 201066 Msg: registry server password sysadm_registry_password
time=2022-02-21T13:34:47+08:00 level=debug msg=erroCode: 202004 Msg: configurations have been handled and it is ok
time=2022-02-21T13:34:47+08:00 level=debug msg=erroCode: 202005 Msg: try to setting logger...
time=2022-02-21T13:34:47+08:00 level=debug msg=erroCode: 202006 Msg: loggers have been set
time=2022-02-21T13:34:47+08:00 level=debug msg=erroCode: 202008 Msg: try to initating DB entity...
time=2022-02-21T13:34:47+08:00 level=debug msg=erroCode: 202011 Msg: now try to connect to 10.6.206.6 db server(postgre)
time=2022-02-21T13:34:47+08:00 level=debug msg=erroCode: 101001 Msg: Try to open a connection to postgre server
time=2022-02-21T13:34:47+08:00 level=debug msg=erroCode: 101003 Msg: Connect to postgre server with host: 10.6.206.6 and Port: 30432. successful
time=2022-02-21T13:34:47+08:00 level=debug msg=Running in "debug" mode. Switch to "release" mode in production.
 - using env:	export SYSADMSERVER_MODE=release
 - using code:	sysadmServer.SetMode(sysadmServer.ReleaseMode)


time=2022-02-21T13:34:47+08:00 level=debug msg=GET    /ping                     --> github.com/wangyysde/sysadm/registryctl/server.DaemonStart.func1 (3 handlers)

time=2022-02-21T13:34:47+08:00 level=debug msg=Listening and serving HTTP on 0.0.0.0:5001

time=2022-02-21T13:34:47+08:00 level=debug msg=Listening and serving HTTP on unix://var/run/registryctl.sock

time=2022-02-28T16:33:05+08:00 level=debug msg=erroCode: 201035 Msg: try to handling configurations.....
time=2022-02-28T16:33:05+08:00 level=debug msg=erroCode: 201036 Msg: got configuration file path is: /data/code/golang/src/bzhyProjects/sysadm/_output/conf/registryctl.yaml
time=2022-02-28T16:33:05+08:00 level=error msg=erroCode: 201006 Msg: The version() of the configuration file specified was not be supported by this release.
time=2022-02-28T16:33:05+08:00 level=debug msg=erroCode: 201037 Msg: read the content of the configuration file
time=2022-02-28T16:33:05+08:00 level=debug msg=erroCode: 201038 Msg: got the address of server: 0.0.0.0
time=2022-02-28T16:33:05+08:00 level=debug msg=erroCode: 201039 Msg: got the port of server: 5001
time=2022-02-28T16:33:05+08:00 level=debug msg=erroCode: 201040 Msg: socket file's path is : /var/run/registryctl.sock
time=2022-02-28T16:33:05+08:00 level=debug msg=erroCode: 201041 Msg: access log file's path is : /data/code/golang/src/bzhyProjects/sysadm/_output/logs/registryctl-access.log
time=2022-02-28T16:33:05+08:00 level=debug msg=erroCode: 201042 Msg: error log file's path is : /data/code/golang/src/bzhyProjects/sysadm/_output/logs/registryctl-error.log
time=2022-02-28T16:33:05+08:00 level=debug msg=erroCode: 201043 Msg: the kind of log is  : text
time=2022-02-28T16:33:05+08:00 level=debug msg=erroCode: 201044 Msg: log level has be set to: debug
time=2022-02-28T16:33:05+08:00 level=warning msg=erroCode: 201026 Msg: We have found log timestampformat from configuration file,but the value of log timestampformat is not a valid(format is empty,default format will be set).default value of log timestampformat: 2006-01-02 15:04:05 will be used.
time=2022-02-28T16:33:05+08:00 level=debug msg=erroCode: 201045 Msg: timeformat has be set to: 2006-01-02 15:04:05
time=2022-02-28T16:33:05+08:00 level=debug msg=erroCode: 201046 Msg: is split error and access log to difference log file: true
time=2022-02-28T16:33:05+08:00 level=debug msg=erroCode: 201047 Msg: registryctl user is : registryctl_user
time=2022-02-28T16:33:05+08:00 level=debug msg=erroCode: 201048 Msg: registryctl password is : registryctl_password
time=2022-02-28T16:33:05+08:00 level=debug msg=erroCode: 201069 Msg: db type is: postgre
time=2022-02-28T16:33:05+08:00 level=debug msg=erroCode: 201049 Msg: db host : 10.6.206.6
time=2022-02-28T16:33:05+08:00 level=debug msg=erroCode: 201050 Msg: db port : 30432
time=2022-02-28T16:33:05+08:00 level=debug msg=erroCode: 201051 Msg: db user: sysadm
time=2022-02-28T16:33:05+08:00 level=debug msg=erroCode: 201052 Msg: db password: Zaq12wsX
time=2022-02-28T16:33:05+08:00 level=debug msg=erroCode: 201053 Msg: db name: sysadm
time=2022-02-28T16:33:05+08:00 level=debug msg=erroCode: 201054 Msg: ssl mode for db: disable
time=2022-02-28T16:33:05+08:00 level=debug msg=erroCode: 201058 Msg: maxconnection to db is: 100
time=2022-02-28T16:33:05+08:00 level=debug msg=erroCode: 201059 Msg: idle connection to db is: 20
time=2022-02-28T16:33:05+08:00 level=debug msg=erroCode: 201060 Msg: registry host is: 10.6.206.6
time=2022-02-28T16:33:05+08:00 level=debug msg=erroCode: 201061 Msg: registry server port is: 5000
time=2022-02-28T16:33:05+08:00 level=debug msg=erroCode: 201066 Msg: registry server user sysadm_registry_user
time=2022-02-28T16:33:05+08:00 level=debug msg=erroCode: 201066 Msg: registry server password sysadm_registry_password
time=2022-02-28T16:33:05+08:00 level=debug msg=erroCode: 202004 Msg: configurations have been handled and it is ok
time=2022-02-28T16:33:05+08:00 level=debug msg=erroCode: 202005 Msg: try to setting logger...
time=2022-02-28T16:33:05+08:00 level=debug msg=erroCode: 202006 Msg: loggers have been set
time=2022-02-28T16:33:05+08:00 level=debug msg=erroCode: 202008 Msg: try to initating DB entity...
time=2022-02-28T16:33:27+08:00 level=debug msg=erroCode: 202011 Msg: now try to connect to 10.6.206.6 db server(postgre)
time=2022-02-28T16:33:27+08:00 level=debug msg=erroCode: 101001 Msg: Try to open a connection to postgre server
time=2022-02-28T16:33:27+08:00 level=debug msg=erroCode: 101003 Msg: Connect to postgre server with host: 10.6.206.6 and Port: 30432. successful
time=2022-02-28T21:41:30+08:00 level=debug msg=erroCode: 201035 Msg: try to handling configurations.....
time=2022-02-28T21:41:30+08:00 level=debug msg=erroCode: 201036 Msg: got configuration file path is: /data/code/golang/src/bzhyProjects/sysadm/_output/conf/registryctl.yaml
time=2022-02-28T21:41:30+08:00 level=error msg=erroCode: 201006 Msg: The version() of the configuration file specified was not be supported by this release.
time=2022-02-28T21:41:30+08:00 level=debug msg=erroCode: 201037 Msg: read the content of the configuration file
time=2022-02-28T21:41:30+08:00 level=debug msg=erroCode: 201038 Msg: got the address of server: 0.0.0.0
time=2022-02-28T21:41:30+08:00 level=debug msg=erroCode: 201039 Msg: got the port of server: 5001
time=2022-02-28T21:41:30+08:00 level=debug msg=erroCode: 201040 Msg: socket file's path is : /var/run/registryctl.sock
time=2022-02-28T21:41:30+08:00 level=debug msg=erroCode: 201041 Msg: access log file's path is : /data/code/golang/src/bzhyProjects/sysadm/_output/logs/registryctl-access.log
time=2022-02-28T21:41:30+08:00 level=debug msg=erroCode: 201042 Msg: error log file's path is : /data/code/golang/src/bzhyProjects/sysadm/_output/logs/registryctl-error.log
time=2022-02-28T21:41:30+08:00 level=debug msg=erroCode: 201043 Msg: the kind of log is  : text
time=2022-02-28T21:41:30+08:00 level=debug msg=erroCode: 201044 Msg: log level has be set to: debug
time=2022-02-28T21:41:30+08:00 level=warning msg=erroCode: 201026 Msg: We have found log timestampformat from configuration file,but the value of log timestampformat is not a valid(format is empty,default format will be set).default value of log timestampformat: 2006-01-02 15:04:05 will be used.
time=2022-02-28T21:41:30+08:00 level=debug msg=erroCode: 201045 Msg: timeformat has be set to: 2006-01-02 15:04:05
time=2022-02-28T21:41:30+08:00 level=debug msg=erroCode: 201046 Msg: is split error and access log to difference log file: true
time=2022-02-28T21:41:30+08:00 level=debug msg=erroCode: 201047 Msg: registryctl user is : registryctl_user
time=2022-02-28T21:41:30+08:00 level=debug msg=erroCode: 201048 Msg: registryctl password is : registryctl_password
time=2022-02-28T21:41:30+08:00 level=debug msg=erroCode: 201069 Msg: db type is: postgre
time=2022-02-28T21:41:30+08:00 level=debug msg=erroCode: 201049 Msg: db host : 10.6.206.6
time=2022-02-28T21:41:30+08:00 level=debug msg=erroCode: 201050 Msg: db port : 30432
time=2022-02-28T21:41:30+08:00 level=debug msg=erroCode: 201051 Msg: db user: sysadm
time=2022-02-28T21:41:30+08:00 level=debug msg=erroCode: 201052 Msg: db password: Zaq12wsX
time=2022-02-28T21:41:30+08:00 level=debug msg=erroCode: 201053 Msg: db name: sysadm
time=2022-02-28T21:41:30+08:00 level=debug msg=erroCode: 201054 Msg: ssl mode for db: disable
time=2022-02-28T21:41:30+08:00 level=debug msg=erroCode: 201058 Msg: maxconnection to db is: 100
time=2022-02-28T21:41:30+08:00 level=debug msg=erroCode: 201059 Msg: idle connection to db is: 20
time=2022-02-28T21:41:30+08:00 level=debug msg=erroCode: 201060 Msg: registry host is: 127.0.0.1
time=2022-02-28T21:41:30+08:00 level=debug msg=erroCode: 201061 Msg: registry server port is: 5000
time=2022-02-28T21:41:30+08:00 level=debug msg=erroCode: 201066 Msg: registry server user sysadm_registry_user
time=2022-02-28T21:41:30+08:00 level=debug msg=erroCode: 201066 Msg: registry server password sysadm_registry_password
time=2022-02-28T21:41:30+08:00 level=debug msg=erroCode: 202004 Msg: configurations have been handled and it is ok
time=2022-02-28T21:41:30+08:00 level=debug msg=erroCode: 202005 Msg: try to setting logger...
time=2022-02-28T21:41:30+08:00 level=debug msg=erroCode: 202006 Msg: loggers have been set
time=2022-02-28T21:41:30+08:00 level=debug msg=erroCode: 202008 Msg: try to initating DB entity...
time=2022-02-28T21:41:30+08:00 level=debug msg=erroCode: 202011 Msg: now try to connect to 10.6.206.6 db server(postgre)
time=2022-02-28T21:41:30+08:00 level=debug msg=erroCode: 101001 Msg: Try to open a connection to postgre server
time=2022-02-28T21:41:30+08:00 level=debug msg=erroCode: 101003 Msg: Connect to postgre server with host: 10.6.206.6 and Port: 30432. successful
time=2022-02-28T21:41:30+08:00 level=debug msg=erroCode: 101018 Msg: The connection to DB server has be closed. 
time=2022-02-28T21:48:11+08:00 level=debug msg=erroCode: 201035 Msg: try to handling configurations.....
time=2022-02-28T21:48:11+08:00 level=debug msg=erroCode: 201036 Msg: got configuration file path is: /data/code/golang/src/bzhyProjects/sysadm/_output/conf/registryctl.yaml
time=2022-02-28T21:48:11+08:00 level=error msg=erroCode: 201006 Msg: The version() of the configuration file specified was not be supported by this release.
time=2022-02-28T21:48:11+08:00 level=debug msg=erroCode: 201037 Msg: read the content of the configuration file
time=2022-02-28T21:48:11+08:00 level=debug msg=erroCode: 201038 Msg: got the address of server: 0.0.0.0
time=2022-02-28T21:48:11+08:00 level=debug msg=erroCode: 201039 Msg: got the port of server: 5001
time=2022-02-28T21:48:11+08:00 level=debug msg=erroCode: 201040 Msg: socket file's path is : /var/run/registryctl.sock
time=2022-02-28T21:48:11+08:00 level=debug msg=erroCode: 201041 Msg: access log file's path is : /data/code/golang/src/bzhyProjects/sysadm/_output/logs/registryctl-access.log
time=2022-02-28T21:48:11+08:00 level=debug msg=erroCode: 201042 Msg: error log file's path is : /data/code/golang/src/bzhyProjects/sysadm/_output/logs/registryctl-error.log
time=2022-02-28T21:48:11+08:00 level=debug msg=erroCode: 201043 Msg: the kind of log is  : text
time=2022-02-28T21:48:11+08:00 level=debug msg=erroCode: 201044 Msg: log level has be set to: debug
time=2022-02-28T21:48:11+08:00 level=warning msg=erroCode: 201026 Msg: We have found log timestampformat from configuration file,but the value of log timestampformat is not a valid(format is empty,default format will be set).default value of log timestampformat: 2006-01-02 15:04:05 will be used.
time=2022-02-28T21:48:11+08:00 level=debug msg=erroCode: 201045 Msg: timeformat has be set to: 2006-01-02 15:04:05
time=2022-02-28T21:48:11+08:00 level=debug msg=erroCode: 201046 Msg: is split error and access log to difference log file: true
time=2022-02-28T21:48:11+08:00 level=debug msg=erroCode: 201047 Msg: registryctl user is : registryctl_user
time=2022-02-28T21:48:11+08:00 level=debug msg=erroCode: 201048 Msg: registryctl password is : registryctl_password
time=2022-02-28T21:48:11+08:00 level=debug msg=erroCode: 201069 Msg: db type is: postgre
time=2022-02-28T21:48:11+08:00 level=debug msg=erroCode: 201049 Msg: db host : 10.6.206.6
time=2022-02-28T21:48:11+08:00 level=debug msg=erroCode: 201050 Msg: db port : 30432
time=2022-02-28T21:48:11+08:00 level=debug msg=erroCode: 201051 Msg: db user: sysadm
time=2022-02-28T21:48:11+08:00 level=debug msg=erroCode: 201052 Msg: db password: Zaq12wsX
time=2022-02-28T21:48:11+08:00 level=debug msg=erroCode: 201053 Msg: db name: sysadm
time=2022-02-28T21:48:11+08:00 level=debug msg=erroCode: 201054 Msg: ssl mode for db: disable
time=2022-02-28T21:48:11+08:00 level=debug msg=erroCode: 201058 Msg: maxconnection to db is: 100
time=2022-02-28T21:48:11+08:00 level=debug msg=erroCode: 201059 Msg: idle connection to db is: 20
time=2022-02-28T21:48:11+08:00 level=debug msg=erroCode: 201060 Msg: registry host is: 127.0.0.1
time=2022-02-28T21:48:11+08:00 level=debug msg=erroCode: 201061 Msg: registry server port is: 5000
time=2022-02-28T21:48:11+08:00 level=debug msg=erroCode: 201066 Msg: registry server user sysadm_registry_user
time=2022-02-28T21:48:11+08:00 level=debug msg=erroCode: 201066 Msg: registry server password sysadm_registry_password
time=2022-02-28T21:48:11+08:00 level=debug msg=erroCode: 202004 Msg: configurations have been handled and it is ok
time=2022-02-28T21:48:11+08:00 level=debug msg=erroCode: 202005 Msg: try to setting logger...
time=2022-02-28T21:48:11+08:00 level=debug msg=erroCode: 202006 Msg: loggers have been set
time=2022-02-28T21:48:11+08:00 level=debug msg=erroCode: 202008 Msg: try to initating DB entity...
time=2022-02-28T21:48:11+08:00 level=debug msg=erroCode: 202011 Msg: now try to connect to 10.6.206.6 db server(postgre)
time=2022-02-28T21:48:11+08:00 level=debug msg=erroCode: 101001 Msg: Try to open a connection to postgre server
time=2022-02-28T21:48:11+08:00 level=debug msg=erroCode: 101003 Msg: Connect to postgre server with host: 10.6.206.6 and Port: 30432. successful
time=2022-02-28T21:48:11+08:00 level=debug msg=erroCode: 202024 Msg: now handling the request
time=2022-02-28T21:48:11+08:00 level=debug msg=erroCode: 202015 Msg: now handling the headers for the request
time=2022-02-28T21:48:11+08:00 level=debug msg=erroCode: 202018 Msg: setting authorization for the request
time=2022-02-28T21:48:11+08:00 level=debug msg=Running in "debug" mode. Switch to "release" mode in production.
 - using env:	export SYSADMSERVER_MODE=release
 - using code:	sysadmServer.SetMode(sysadmServer.ReleaseMode)


time=2022-02-28T21:48:11+08:00 level=debug msg=GET    /ping                     --> github.com/wangyysde/sysadm/registryctl/server.DaemonStart.func1 (3 handlers)

time=2022-02-28T21:48:11+08:00 level=debug msg=Listening and serving HTTP on 0.0.0.0:5001

time=2022-02-28T21:48:11+08:00 level=debug msg=Listening and serving HTTP on unix://var/run/registryctl.sock

time=2022-02-28T21:58:02+08:00 level=debug msg=erroCode: 201035 Msg: try to handling configurations.....
time=2022-02-28T21:58:02+08:00 level=debug msg=erroCode: 201036 Msg: got configuration file path is: /data/code/golang/src/bzhyProjects/sysadm/_output/conf/registryctl.yaml
time=2022-02-28T21:58:02+08:00 level=debug msg=erroCode: 201037 Msg: read the content of the configuration file
time=2022-02-28T21:58:02+08:00 level=debug msg=erroCode: 201038 Msg: got the address of server: 0.0.0.0
time=2022-02-28T21:58:02+08:00 level=debug msg=erroCode: 201039 Msg: got the port of server: 5001
time=2022-02-28T21:58:02+08:00 level=debug msg=erroCode: 201040 Msg: socket file's path is : /var/run/registryctl.sock
time=2022-02-28T21:58:02+08:00 level=debug msg=erroCode: 201041 Msg: access log file's path is : /data/code/golang/src/bzhyProjects/sysadm/_output/logs/registryctl-access.log
time=2022-02-28T21:58:02+08:00 level=debug msg=erroCode: 201042 Msg: error log file's path is : /data/code/golang/src/bzhyProjects/sysadm/_output/logs/registryctl-error.log
time=2022-02-28T21:58:02+08:00 level=debug msg=erroCode: 201043 Msg: the kind of log is  : text
time=2022-02-28T21:58:02+08:00 level=debug msg=erroCode: 201044 Msg: log level has be set to: debug
time=2022-02-28T21:58:02+08:00 level=warning msg=erroCode: 201026 Msg: We have found log timestampformat from configuration file,but the value of log timestampformat is not a valid(format is empty,default format will be set).default value of log timestampformat: 2006-01-02 15:04:05 will be used.
time=2022-02-28T21:58:02+08:00 level=debug msg=erroCode: 201045 Msg: timeformat has be set to: 2006-01-02 15:04:05
time=2022-02-28T21:58:02+08:00 level=debug msg=erroCode: 201046 Msg: is split error and access log to difference log file: true
time=2022-02-28T21:58:02+08:00 level=debug msg=erroCode: 201047 Msg: registryctl user is : registryctl_user
time=2022-02-28T21:58:02+08:00 level=debug msg=erroCode: 201048 Msg: registryctl password is : registryctl_password
time=2022-02-28T21:58:02+08:00 level=debug msg=erroCode: 201069 Msg: db type is: postgre
time=2022-02-28T21:58:02+08:00 level=debug msg=erroCode: 201049 Msg: db host : 10.6.206.6
time=2022-02-28T21:58:02+08:00 level=debug msg=erroCode: 201050 Msg: db port : 30432
time=2022-02-28T21:58:02+08:00 level=debug msg=erroCode: 201051 Msg: db user: sysadm
time=2022-02-28T21:58:02+08:00 level=debug msg=erroCode: 201052 Msg: db password: Zaq12wsX
time=2022-02-28T21:58:02+08:00 level=debug msg=erroCode: 201053 Msg: db name: sysadm
time=2022-02-28T21:58:02+08:00 level=debug msg=erroCode: 201054 Msg: ssl mode for db: disable
time=2022-02-28T21:58:02+08:00 level=debug msg=erroCode: 201058 Msg: maxconnection to db is: 100
time=2022-02-28T21:58:02+08:00 level=debug msg=erroCode: 201059 Msg: idle connection to db is: 20
time=2022-02-28T21:58:02+08:00 level=debug msg=erroCode: 201060 Msg: registry host is: 127.0.0.1
time=2022-02-28T21:58:02+08:00 level=debug msg=erroCode: 201061 Msg: registry server port is: 5000
time=2022-02-28T21:58:02+08:00 level=debug msg=erroCode: 201066 Msg: registry server user sysadm_registry_user
time=2022-02-28T21:58:02+08:00 level=debug msg=erroCode: 201066 Msg: registry server password sysadm_registry_password
time=2022-02-28T21:58:02+08:00 level=debug msg=erroCode: 202004 Msg: configurations have been handled and it is ok
time=2022-02-28T21:58:02+08:00 level=debug msg=erroCode: 202005 Msg: try to setting logger...
time=2022-02-28T21:58:02+08:00 level=debug msg=erroCode: 202006 Msg: loggers have been set
time=2022-02-28T21:58:02+08:00 level=debug msg=erroCode: 202008 Msg: try to initating DB entity...
time=2022-02-28T21:58:02+08:00 level=debug msg=erroCode: 202011 Msg: now try to connect to 10.6.206.6 db server(postgre)
time=2022-02-28T21:58:02+08:00 level=debug msg=erroCode: 101001 Msg: Try to open a connection to postgre server
time=2022-02-28T21:58:02+08:00 level=debug msg=erroCode: 101003 Msg: Connect to postgre server with host: 10.6.206.6 and Port: 30432. successful
time=2022-02-28T21:58:02+08:00 level=debug msg=erroCode: 202024 Msg: now handling the request
time=2022-02-28T21:58:02+08:00 level=debug msg=erroCode: 202015 Msg: now handling the headers for the request
time=2022-02-28T21:58:02+08:00 level=debug msg=erroCode: 202018 Msg: setting authorization for the request
time=2022-02-28T21:58:02+08:00 level=debug msg=Running in "debug" mode. Switch to "release" mode in production.
 - using env:	export SYSADMSERVER_MODE=release
 - using code:	sysadmServer.SetMode(sysadmServer.ReleaseMode)


time=2022-02-28T21:58:02+08:00 level=debug msg=GET    /ping                     --> github.com/wangyysde/sysadm/registryctl/server.DaemonStart.func1 (3 handlers)

time=2022-02-28T21:58:02+08:00 level=debug msg=Listening and serving HTTP on 0.0.0.0:5001

time=2022-02-28T21:58:02+08:00 level=debug msg=Listening and serving HTTP on unix://var/run/registryctl.sock

