time=2021-12-09T21:42:06+08:00 level=error msg=stat /data/code/golang/src/bzhyProjects/sysadm/_output/html/js: no such file or directory
time=2021-12-09T21:53:23+08:00 level=debug msg=Running in "debug" mode. Switch to "release" mode in production.
 - using env:	export SYSADMSERVER_MODE=release
 - using code:	sysadmServer.SetMode(sysadmServer.ReleaseMode)


time=2021-12-09T21:53:23+08:00 level=debug msg=GET    /ping                     --> github.com/wangyysde/sysadm/sysadm/server.DaemonStart.func1 (1 handlers)

time=2021-12-09T21:53:23+08:00 level=debug msg=GET    /                         --> github.com/wangyysde/sysadmServer.(*RouterGroup).StaticFile.func1 (1 handlers)

time=2021-12-09T21:53:23+08:00 level=debug msg=HEAD   /                         --> github.com/wangyysde/sysadmServer.(*RouterGroup).StaticFile.func1 (1 handlers)

time=2021-12-09T21:53:23+08:00 level=debug msg=GET    /images                   --> github.com/wangyysde/sysadmServer.(*RouterGroup).StaticFile.func1 (1 handlers)

time=2021-12-09T21:53:23+08:00 level=debug msg=HEAD   /images                   --> github.com/wangyysde/sysadmServer.(*RouterGroup).StaticFile.func1 (1 handlers)

time=2021-12-09T21:53:23+08:00 level=debug msg=GET    /css/                     --> github.com/wangyysde/sysadmServer.(*RouterGroup).StaticFile.func1 (1 handlers)

time=2021-12-09T21:53:23+08:00 level=debug msg=HEAD   /css/                     --> github.com/wangyysde/sysadmServer.(*RouterGroup).StaticFile.func1 (1 handlers)

time=2021-12-09T21:53:23+08:00 level=debug msg=GET    /js                       --> github.com/wangyysde/sysadmServer.(*RouterGroup).StaticFile.func1 (1 handlers)

time=2021-12-09T21:53:23+08:00 level=debug msg=HEAD   /js                       --> github.com/wangyysde/sysadmServer.(*RouterGroup).StaticFile.func1 (1 handlers)

time=2021-12-09T21:53:23+08:00 level=debug msg=Listening and serving HTTP on 0.0.0.0:8081

time=2021-12-09T21:53:23+08:00 level=debug msg=Listening and serving HTTP on unix://var/run/sysadm.sock

time=2021-12-09T21:56:38+08:00 level=debug msg=Running in "debug" mode. Switch to "release" mode in production.
 - using env:	export SYSADMSERVER_MODE=release
 - using code:	sysadmServer.SetMode(sysadmServer.ReleaseMode)


time=2021-12-09T21:56:38+08:00 level=debug msg=GET    /ping                     --> github.com/wangyysde/sysadm/sysadm/server.DaemonStart.func1 (1 handlers)

time=2021-12-09T21:56:38+08:00 level=debug msg=GET    /                         --> github.com/wangyysde/sysadmServer.(*RouterGroup).StaticFile.func1 (1 handlers)

time=2021-12-09T21:56:38+08:00 level=debug msg=HEAD   /                         --> github.com/wangyysde/sysadmServer.(*RouterGroup).StaticFile.func1 (1 handlers)

time=2021-12-09T21:56:38+08:00 level=debug msg=GET    /images/*filepath         --> github.com/wangyysde/sysadmServer.(*RouterGroup).createStaticHandler.func1 (1 handlers)

time=2021-12-09T21:56:38+08:00 level=debug msg=HEAD   /images/*filepath         --> github.com/wangyysde/sysadmServer.(*RouterGroup).createStaticHandler.func1 (1 handlers)

time=2021-12-09T21:56:38+08:00 level=debug msg=GET    /css/*filepath            --> github.com/wangyysde/sysadmServer.(*RouterGroup).createStaticHandler.func1 (1 handlers)

time=2021-12-09T21:56:38+08:00 level=debug msg=HEAD   /css/*filepath            --> github.com/wangyysde/sysadmServer.(*RouterGroup).createStaticHandler.func1 (1 handlers)

time=2021-12-09T21:56:38+08:00 level=debug msg=GET    /js/*filepath             --> github.com/wangyysde/sysadmServer.(*RouterGroup).createStaticHandler.func1 (1 handlers)

time=2021-12-09T21:56:38+08:00 level=debug msg=HEAD   /js/*filepath             --> github.com/wangyysde/sysadmServer.(*RouterGroup).createStaticHandler.func1 (1 handlers)

time=2021-12-09T21:56:38+08:00 level=debug msg=Listening and serving HTTP on 0.0.0.0:8081

time=2021-12-09T21:56:38+08:00 level=debug msg=Listening and serving HTTP on unix://var/run/sysadm.sock

time=2021-12-09T22:23:48+08:00 level=debug msg=Running in "debug" mode. Switch to "release" mode in production.
 - using env:	export SYSADMSERVER_MODE=release
 - using code:	sysadmServer.SetMode(sysadmServer.ReleaseMode)


time=2021-12-09T22:23:48+08:00 level=debug msg=GET    /ping                     --> github.com/wangyysde/sysadm/sysadm/server.DaemonStart.func1 (1 handlers)

time=2021-12-09T22:23:48+08:00 level=debug msg=GET    /                         --> github.com/wangyysde/sysadmServer.(*RouterGroup).StaticFile.func1 (1 handlers)

time=2021-12-09T22:23:48+08:00 level=debug msg=HEAD   /                         --> github.com/wangyysde/sysadmServer.(*RouterGroup).StaticFile.func1 (1 handlers)

time=2021-12-09T22:23:48+08:00 level=debug msg=GET    /images/*filepath         --> github.com/wangyysde/sysadmServer.(*RouterGroup).createStaticHandler.func1 (1 handlers)

time=2021-12-09T22:23:48+08:00 level=debug msg=HEAD   /images/*filepath         --> github.com/wangyysde/sysadmServer.(*RouterGroup).createStaticHandler.func1 (1 handlers)

time=2021-12-09T22:23:48+08:00 level=debug msg=GET    /css/*filepath            --> github.com/wangyysde/sysadmServer.(*RouterGroup).createStaticHandler.func1 (1 handlers)

time=2021-12-09T22:23:48+08:00 level=debug msg=HEAD   /css/*filepath            --> github.com/wangyysde/sysadmServer.(*RouterGroup).createStaticHandler.func1 (1 handlers)

time=2021-12-09T22:23:48+08:00 level=debug msg=GET    /js/*filepath             --> github.com/wangyysde/sysadmServer.(*RouterGroup).createStaticHandler.func1 (1 handlers)

time=2021-12-09T22:23:48+08:00 level=debug msg=HEAD   /js/*filepath             --> github.com/wangyysde/sysadmServer.(*RouterGroup).createStaticHandler.func1 (1 handlers)

time=2021-12-09T22:23:48+08:00 level=debug msg=Listening and serving HTTP on 0.0.0.0:8081

time=2021-12-09T22:23:48+08:00 level=debug msg=Listening and serving HTTP on unix://var/run/sysadm.sock

time=2021-12-09T22:29:23+08:00 level=debug msg=Running in "debug" mode. Switch to "release" mode in production.
 - using env:	export SYSADMSERVER_MODE=release
 - using code:	sysadmServer.SetMode(sysadmServer.ReleaseMode)


time=2021-12-09T22:29:23+08:00 level=debug msg=GET    /ping                     --> github.com/wangyysde/sysadm/sysadm/server.DaemonStart.func1 (1 handlers)

time=2021-12-09T22:29:23+08:00 level=debug msg=GET    /                         --> github.com/wangyysde/sysadmServer.(*RouterGroup).StaticFile.func1 (1 handlers)

time=2021-12-09T22:29:23+08:00 level=debug msg=HEAD   /                         --> github.com/wangyysde/sysadmServer.(*RouterGroup).StaticFile.func1 (1 handlers)

time=2021-12-09T22:29:23+08:00 level=debug msg=GET    /images/*filepath         --> github.com/wangyysde/sysadmServer.(*RouterGroup).createStaticHandler.func1 (1 handlers)

time=2021-12-09T22:29:23+08:00 level=debug msg=HEAD   /images/*filepath         --> github.com/wangyysde/sysadmServer.(*RouterGroup).createStaticHandler.func1 (1 handlers)

time=2021-12-09T22:29:23+08:00 level=debug msg=GET    /css/*filepath            --> github.com/wangyysde/sysadmServer.(*RouterGroup).createStaticHandler.func1 (1 handlers)

time=2021-12-09T22:29:23+08:00 level=debug msg=HEAD   /css/*filepath            --> github.com/wangyysde/sysadmServer.(*RouterGroup).createStaticHandler.func1 (1 handlers)

time=2021-12-09T22:29:23+08:00 level=debug msg=GET    /js/*filepath             --> github.com/wangyysde/sysadmServer.(*RouterGroup).createStaticHandler.func1 (1 handlers)

time=2021-12-09T22:29:23+08:00 level=debug msg=HEAD   /js/*filepath             --> github.com/wangyysde/sysadmServer.(*RouterGroup).createStaticHandler.func1 (1 handlers)

time=2021-12-09T22:29:23+08:00 level=debug msg=Listening and serving HTTP on 0.0.0.0:8081

time=2021-12-09T22:29:23+08:00 level=debug msg=Listening and serving HTTP on unix://var/run/sysadm.sock

time=2021-12-09T22:29:55+08:00 level=debug msg=Running in "debug" mode. Switch to "release" mode in production.
 - using env:	export SYSADMSERVER_MODE=release
 - using code:	sysadmServer.SetMode(sysadmServer.ReleaseMode)


time=2021-12-09T22:29:55+08:00 level=debug msg=GET    /ping                     --> github.com/wangyysde/sysadm/sysadm/server.DaemonStart.func1 (1 handlers)

time=2021-12-09T22:29:55+08:00 level=debug msg=GET    /                         --> github.com/wangyysde/sysadmServer.(*RouterGroup).StaticFile.func1 (1 handlers)

time=2021-12-09T22:29:55+08:00 level=debug msg=HEAD   /                         --> github.com/wangyysde/sysadmServer.(*RouterGroup).StaticFile.func1 (1 handlers)

time=2021-12-09T22:29:55+08:00 level=debug msg=GET    /images/*filepath         --> github.com/wangyysde/sysadmServer.(*RouterGroup).createStaticHandler.func1 (1 handlers)

time=2021-12-09T22:29:55+08:00 level=debug msg=HEAD   /images/*filepath         --> github.com/wangyysde/sysadmServer.(*RouterGroup).createStaticHandler.func1 (1 handlers)

time=2021-12-09T22:29:55+08:00 level=debug msg=GET    /css/*filepath            --> github.com/wangyysde/sysadmServer.(*RouterGroup).createStaticHandler.func1 (1 handlers)

time=2021-12-09T22:29:55+08:00 level=debug msg=HEAD   /css/*filepath            --> github.com/wangyysde/sysadmServer.(*RouterGroup).createStaticHandler.func1 (1 handlers)

time=2021-12-09T22:29:55+08:00 level=debug msg=GET    /js/*filepath             --> github.com/wangyysde/sysadmServer.(*RouterGroup).createStaticHandler.func1 (1 handlers)

time=2021-12-09T22:29:55+08:00 level=debug msg=HEAD   /js/*filepath             --> github.com/wangyysde/sysadmServer.(*RouterGroup).createStaticHandler.func1 (1 handlers)

time=2021-12-09T22:29:55+08:00 level=debug msg=Listening and serving HTTP on 0.0.0.0:8081

time=2021-12-09T22:29:55+08:00 level=debug msg=Listening and serving HTTP on unix://var/run/sysadm.sock

time=2021-12-09T22:31:23+08:00 level=debug msg=Running in "debug" mode. Switch to "release" mode in production.
 - using env:	export SYSADMSERVER_MODE=release
 - using code:	sysadmServer.SetMode(sysadmServer.ReleaseMode)


time=2021-12-09T22:31:23+08:00 level=debug msg=GET    /ping                     --> github.com/wangyysde/sysadm/sysadm/server.DaemonStart.func1 (1 handlers)

time=2021-12-09T22:31:23+08:00 level=debug msg=GET    /                         --> github.com/wangyysde/sysadmServer.(*RouterGroup).StaticFile.func1 (1 handlers)

time=2021-12-09T22:31:23+08:00 level=debug msg=HEAD   /                         --> github.com/wangyysde/sysadmServer.(*RouterGroup).StaticFile.func1 (1 handlers)

time=2021-12-09T22:31:23+08:00 level=debug msg=GET    /images/*filepath         --> github.com/wangyysde/sysadmServer.(*RouterGroup).createStaticHandler.func1 (1 handlers)

time=2021-12-09T22:31:23+08:00 level=debug msg=HEAD   /images/*filepath         --> github.com/wangyysde/sysadmServer.(*RouterGroup).createStaticHandler.func1 (1 handlers)

time=2021-12-09T22:31:23+08:00 level=debug msg=GET    /css/*filepath            --> github.com/wangyysde/sysadmServer.(*RouterGroup).createStaticHandler.func1 (1 handlers)

time=2021-12-09T22:31:23+08:00 level=debug msg=HEAD   /css/*filepath            --> github.com/wangyysde/sysadmServer.(*RouterGroup).createStaticHandler.func1 (1 handlers)

time=2021-12-09T22:31:23+08:00 level=debug msg=GET    /js/*filepath             --> github.com/wangyysde/sysadmServer.(*RouterGroup).createStaticHandler.func1 (1 handlers)

time=2021-12-09T22:31:23+08:00 level=debug msg=HEAD   /js/*filepath             --> github.com/wangyysde/sysadmServer.(*RouterGroup).createStaticHandler.func1 (1 handlers)

time=2021-12-09T22:31:23+08:00 level=debug msg=Listening and serving HTTP on 0.0.0.0:8081

time=2021-12-09T22:31:23+08:00 level=debug msg=Listening and serving HTTP on unix://var/run/sysadm.sock

time=2021-12-09T22:31:42+08:00 level=debug msg=Running in "debug" mode. Switch to "release" mode in production.
 - using env:	export SYSADMSERVER_MODE=release
 - using code:	sysadmServer.SetMode(sysadmServer.ReleaseMode)


time=2021-12-09T22:31:42+08:00 level=debug msg=GET    /ping                     --> github.com/wangyysde/sysadm/sysadm/server.DaemonStart.func1 (1 handlers)

time=2021-12-09T22:31:42+08:00 level=debug msg=GET    /                         --> github.com/wangyysde/sysadmServer.(*RouterGroup).StaticFile.func1 (1 handlers)

time=2021-12-09T22:31:42+08:00 level=debug msg=HEAD   /                         --> github.com/wangyysde/sysadmServer.(*RouterGroup).StaticFile.func1 (1 handlers)

time=2021-12-09T22:31:42+08:00 level=debug msg=GET    /images/*filepath         --> github.com/wangyysde/sysadmServer.(*RouterGroup).createStaticHandler.func1 (1 handlers)

time=2021-12-09T22:31:42+08:00 level=debug msg=HEAD   /images/*filepath         --> github.com/wangyysde/sysadmServer.(*RouterGroup).createStaticHandler.func1 (1 handlers)

time=2021-12-09T22:31:42+08:00 level=debug msg=GET    /css/*filepath            --> github.com/wangyysde/sysadmServer.(*RouterGroup).createStaticHandler.func1 (1 handlers)

time=2021-12-09T22:31:42+08:00 level=debug msg=HEAD   /css/*filepath            --> github.com/wangyysde/sysadmServer.(*RouterGroup).createStaticHandler.func1 (1 handlers)

time=2021-12-09T22:31:42+08:00 level=debug msg=GET    /js/*filepath             --> github.com/wangyysde/sysadmServer.(*RouterGroup).createStaticHandler.func1 (1 handlers)

time=2021-12-09T22:31:42+08:00 level=debug msg=HEAD   /js/*filepath             --> github.com/wangyysde/sysadmServer.(*RouterGroup).createStaticHandler.func1 (1 handlers)

time=2021-12-09T22:31:42+08:00 level=debug msg=Listening and serving HTTP on 0.0.0.0:8081

time=2021-12-09T22:31:42+08:00 level=debug msg=Listening and serving HTTP on unix://var/run/sysadm.sock

time=2021-12-09T22:43:49+08:00 level=debug msg=Running in "debug" mode. Switch to "release" mode in production.
 - using env:	export SYSADMSERVER_MODE=release
 - using code:	sysadmServer.SetMode(sysadmServer.ReleaseMode)


time=2021-12-09T22:43:49+08:00 level=debug msg=GET    /ping                     --> github.com/wangyysde/sysadm/sysadm/server.DaemonStart.func1 (1 handlers)

time=2021-12-09T22:43:49+08:00 level=debug msg=GET    /                         --> github.com/wangyysde/sysadmServer.(*RouterGroup).StaticFile.func1 (1 handlers)

time=2021-12-09T22:43:49+08:00 level=debug msg=HEAD   /                         --> github.com/wangyysde/sysadmServer.(*RouterGroup).StaticFile.func1 (1 handlers)

time=2021-12-09T22:43:49+08:00 level=debug msg=GET    /images/*filepath         --> github.com/wangyysde/sysadmServer.(*RouterGroup).createStaticHandler.func1 (1 handlers)

time=2021-12-09T22:43:49+08:00 level=debug msg=HEAD   /images/*filepath         --> github.com/wangyysde/sysadmServer.(*RouterGroup).createStaticHandler.func1 (1 handlers)

time=2021-12-09T22:43:49+08:00 level=debug msg=GET    /css/*filepath            --> github.com/wangyysde/sysadmServer.(*RouterGroup).createStaticHandler.func1 (1 handlers)

time=2021-12-09T22:43:49+08:00 level=debug msg=HEAD   /css/*filepath            --> github.com/wangyysde/sysadmServer.(*RouterGroup).createStaticHandler.func1 (1 handlers)

time=2021-12-09T22:43:49+08:00 level=debug msg=GET    /js/*filepath             --> github.com/wangyysde/sysadmServer.(*RouterGroup).createStaticHandler.func1 (1 handlers)

time=2021-12-09T22:43:49+08:00 level=debug msg=HEAD   /js/*filepath             --> github.com/wangyysde/sysadmServer.(*RouterGroup).createStaticHandler.func1 (1 handlers)

time=2021-12-09T22:43:49+08:00 level=debug msg=Listening and serving HTTP on 0.0.0.0:8081

time=2021-12-09T22:43:49+08:00 level=debug msg=Listening and serving HTTP on unix://var/run/sysadm.sock

